[20-Jan-2021 18:59:12 UTC] PHP Warning:  Use of undefined constant THEME_IMG_PATH - assumed 'THEME_IMG_PATH' (this will throw an Error in a future version of PHP) in C:\Users\cbuxton\Local Sites\nhmc\app\public\wp-content\themes\nhmc_theme\index.php on line 3
[20-Jan-2021 18:59:12 UTC] PHP Stack trace:
[20-Jan-2021 18:59:12 UTC] PHP   1. {main}() C:\Users\cbuxton\Local Sites\nhmc\app\public\index.php:0
[20-Jan-2021 18:59:12 UTC] PHP   2. require() C:\Users\cbuxton\Local Sites\nhmc\app\public\index.php:17
[20-Jan-2021 18:59:12 UTC] PHP   3. require_once() C:\Users\cbuxton\Local Sites\nhmc\app\public\wp-blog-header.php:19
[20-Jan-2021 18:59:12 UTC] PHP   4. include() C:\Users\cbuxton\Local Sites\nhmc\app\public\wp-includes\template-loader.php:106
[20-Jan-2021 20:12:49 UTC] PHP Parse error:  syntax error, unexpected 'name' (T_STRING), expecting ']' in C:\Users\cbuxton\Local Sites\nhmc\app\public\wp-content\themes\nhmc_theme\index.php on line 79
[20-Jan-2021 20:13:36 UTC] PHP Parse error:  syntax error, unexpected '/' in C:\Users\cbuxton\Local Sites\nhmc\app\public\wp-content\themes\nhmc_theme\index.php on line 80
[20-Jan-2021 23:10:35 UTC] PHP Warning:  Creating default object from empty value in C:\Users\cbuxton\Local Sites\nhmc\app\public\wp-content\plugins\wp-latest-posts\inc\wplp-admin.inc.php on line 2256
[20-Jan-2021 23:10:35 UTC] PHP Stack trace:
[20-Jan-2021 23:10:35 UTC] PHP   1. {main}() C:\Users\cbuxton\Local Sites\nhmc\app\public\wp-admin\admin-ajax.php:0
[20-Jan-2021 23:10:35 UTC] PHP   2. do_action() C:\Users\cbuxton\Local Sites\nhmc\app\public\wp-admin\admin-ajax.php:184
[20-Jan-2021 23:10:35 UTC] PHP   3. WP_Hook->do_action() C:\Users\cbuxton\Local Sites\nhmc\app\public\wp-includes\plugin.php:484
[20-Jan-2021 23:10:35 UTC] PHP   4. WP_Hook->apply_filters() C:\Users\cbuxton\Local Sites\nhmc\app\public\wp-includes\class-wp-hook.php:311
[20-Jan-2021 23:10:35 UTC] PHP   5. WPLPAdmin->getCountPosts() C:\Users\cbuxton\Local Sites\nhmc\app\public\wp-includes\class-wp-hook.php:287
[26-Jan-2021 18:31:11 UTC] PHP Parse error:  syntax error, unexpected 'id' (T_STRING), expecting ']' in /Users/ullr/Local Sites/nhmc/app/public/wp-content/themes/nhmc_theme/index.php on line 144
[26-Jan-2021 22:41:59 UTC] PHP Warning:  require(./mail.php): failed to open stream: No such file or directory in /Users/ullr/Local Sites/nhmc/app/public/wp-content/themes/nhmc_theme/index.php on line 3
[26-Jan-2021 22:41:59 UTC] PHP Stack trace:
[26-Jan-2021 22:41:59 UTC] PHP   1. {main}() /Users/ullr/Local Sites/nhmc/app/public/index.php:0
[26-Jan-2021 22:41:59 UTC] PHP   2. require() /Users/ullr/Local Sites/nhmc/app/public/index.php:17
[26-Jan-2021 22:41:59 UTC] PHP   3. require_once() /Users/ullr/Local Sites/nhmc/app/public/wp-blog-header.php:19
[26-Jan-2021 22:41:59 UTC] PHP   4. include() /Users/ullr/Local Sites/nhmc/app/public/wp-includes/template-loader.php:106
[26-Jan-2021 22:41:59 UTC] PHP Fatal error:  require(): Failed opening required './mail.php' (include_path='.:/usr/share/php:/www/wp-content/pear') in /Users/ullr/Local Sites/nhmc/app/public/wp-content/themes/nhmc_theme/index.php on line 3
[26-Jan-2021 22:41:59 UTC] PHP Stack trace:
[26-Jan-2021 22:41:59 UTC] PHP   1. {main}() /Users/ullr/Local Sites/nhmc/app/public/index.php:0
[26-Jan-2021 22:41:59 UTC] PHP   2. require() /Users/ullr/Local Sites/nhmc/app/public/index.php:17
[26-Jan-2021 22:41:59 UTC] PHP   3. require_once() /Users/ullr/Local Sites/nhmc/app/public/wp-blog-header.php:19
[26-Jan-2021 22:41:59 UTC] PHP   4. include() /Users/ullr/Local Sites/nhmc/app/public/wp-includes/template-loader.php:106
[26-Jan-2021 23:55:43 UTC] PHP Parse error:  syntax error, unexpected 'echo' (T_ECHO) in /Users/ullr/Local Sites/nhmc/app/public/wp-content/themes/nhmc_theme/mail.php on line 12
[27-Jan-2021 00:01:59 UTC] PHP Parse error:  syntax error, unexpected '$name' (T_VARIABLE) in /Users/ullr/Local Sites/nhmc/app/public/wp-content/themes/nhmc_theme/mail.php on line 3
[27-Jan-2021 00:02:14 UTC] PHP Parse error:  syntax error, unexpected ';' in /Users/ullr/Local Sites/nhmc/app/public/wp-content/themes/nhmc_theme/mail.php on line 12
[27-Jan-2021 00:04:45 UTC] PHP Parse error:  syntax error, unexpected ';' in /Users/ullr/Local Sites/nhmc/app/public/wp-content/themes/nhmc_theme/mail.php on line 12
[28-Jan-2021 17:04:18 UTC] PHP Parse error:  syntax error, unexpected end of file in /Users/ullr/Local Sites/nhmc/app/public/wp-content/themes/nhmc_theme/page.php on line 11
[28-Jan-2021 17:47:17 UTC] PHP Warning:  Use of undefined constant ‘bod - assumed '‘bod' (this will throw an Error in a future version of PHP) in /Users/ullr/Local Sites/nhmc/app/public/wp-content/themes/nhmc_theme/functions.php on line 5
[28-Jan-2021 17:47:17 UTC] PHP Stack trace:
[28-Jan-2021 17:47:17 UTC] PHP   1. {main}() /Users/ullr/Local Sites/nhmc/app/public/index.php:0
[28-Jan-2021 17:47:17 UTC] PHP   2. require() /Users/ullr/Local Sites/nhmc/app/public/index.php:17
[28-Jan-2021 17:47:17 UTC] PHP   3. require_once() /Users/ullr/Local Sites/nhmc/app/public/wp-blog-header.php:19
[28-Jan-2021 17:47:17 UTC] PHP   4. include() /Users/ullr/Local Sites/nhmc/app/public/wp-includes/template-loader.php:106
[28-Jan-2021 17:47:17 UTC] PHP   5. get_header() /Users/ullr/Local Sites/nhmc/app/public/wp-content/themes/nhmc_theme/page-template-bod.php:3
[28-Jan-2021 17:47:17 UTC] PHP   6. locate_template() /Users/ullr/Local Sites/nhmc/app/public/wp-includes/general-template.php:48
[28-Jan-2021 17:47:17 UTC] PHP   7. load_template() /Users/ullr/Local Sites/nhmc/app/public/wp-includes/template.php:676
[28-Jan-2021 17:47:17 UTC] PHP   8. require_once() /Users/ullr/Local Sites/nhmc/app/public/wp-includes/template.php:730
[28-Jan-2021 17:47:17 UTC] PHP   9. wp_head() /Users/ullr/Local Sites/nhmc/app/public/wp-content/themes/nhmc_theme/header.php:4
[28-Jan-2021 17:47:17 UTC] PHP  10. do_action() /Users/ullr/Local Sites/nhmc/app/public/wp-includes/general-template.php:3005
[28-Jan-2021 17:47:17 UTC] PHP  11. WP_Hook->do_action() /Users/ullr/Local Sites/nhmc/app/public/wp-includes/plugin.php:484
[28-Jan-2021 17:47:17 UTC] PHP  12. WP_Hook->apply_filters() /Users/ullr/Local Sites/nhmc/app/public/wp-includes/class-wp-hook.php:311
[28-Jan-2021 17:47:17 UTC] PHP  13. wp_enqueue_scripts() /Users/ullr/Local Sites/nhmc/app/public/wp-includes/class-wp-hook.php:287
[28-Jan-2021 17:47:17 UTC] PHP  14. do_action() /Users/ullr/Local Sites/nhmc/app/public/wp-includes/script-loader.php:2004
[28-Jan-2021 17:47:17 UTC] PHP  15. WP_Hook->do_action() /Users/ullr/Local Sites/nhmc/app/public/wp-includes/plugin.php:484
[28-Jan-2021 17:47:17 UTC] PHP  16. WP_Hook->apply_filters() /Users/ullr/Local Sites/nhmc/app/public/wp-includes/class-wp-hook.php:311
[28-Jan-2021 17:47:17 UTC] PHP  17. pull_theme_files() /Users/ullr/Local Sites/nhmc/app/public/wp-includes/class-wp-hook.php:287
[28-Jan-2021 17:47:17 UTC] PHP Warning:  Use of undefined constant styles’ - assumed 'styles’' (this will throw an Error in a future version of PHP) in /Users/ullr/Local Sites/nhmc/app/public/wp-content/themes/nhmc_theme/functions.php on line 5
[28-Jan-2021 17:47:17 UTC] PHP Stack trace:
[28-Jan-2021 17:47:17 UTC] PHP   1. {main}() /Users/ullr/Local Sites/nhmc/app/public/index.php:0
[28-Jan-2021 17:47:17 UTC] PHP   2. require() /Users/ullr/Local Sites/nhmc/app/public/index.php:17
[28-Jan-2021 17:47:17 UTC] PHP   3. require_once() /Users/ullr/Local Sites/nhmc/app/public/wp-blog-header.php:19
[28-Jan-2021 17:47:17 UTC] PHP   4. include() /Users/ullr/Local Sites/nhmc/app/public/wp-includes/template-loader.php:106
[28-Jan-2021 17:47:17 UTC] PHP   5. get_header() /Users/ullr/Local Sites/nhmc/app/public/wp-content/themes/nhmc_theme/page-template-bod.php:3
[28-Jan-2021 17:47:17 UTC] PHP   6. locate_template() /Users/ullr/Local Sites/nhmc/app/public/wp-includes/general-template.php:48
[28-Jan-2021 17:47:17 UTC] PHP   7. load_template() /Users/ullr/Local Sites/nhmc/app/public/wp-includes/template.php:676
[28-Jan-2021 17:47:17 UTC] PHP   8. require_once() /Users/ullr/Local Sites/nhmc/app/public/wp-includes/template.php:730
[28-Jan-2021 17:47:17 UTC] PHP   9. wp_head() /Users/ullr/Local Sites/nhmc/app/public/wp-content/themes/nhmc_theme/header.php:4
[28-Jan-2021 17:47:17 UTC] PHP  10. do_action() /Users/ullr/Local Sites/nhmc/app/public/wp-includes/general-template.php:3005
[28-Jan-2021 17:47:17 UTC] PHP  11. WP_Hook->do_action() /Users/ullr/Local Sites/nhmc/app/public/wp-includes/plugin.php:484
[28-Jan-2021 17:47:17 UTC] PHP  12. WP_Hook->apply_filters() /Users/ullr/Local Sites/nhmc/app/public/wp-includes/class-wp-hook.php:311
[28-Jan-2021 17:47:17 UTC] PHP  13. wp_enqueue_scripts() /Users/ullr/Local Sites/nhmc/app/public/wp-includes/class-wp-hook.php:287
[28-Jan-2021 17:47:17 UTC] PHP  14. do_action() /Users/ullr/Local Sites/nhmc/app/public/wp-includes/script-loader.php:2004
[28-Jan-2021 17:47:17 UTC] PHP  15. WP_Hook->do_action() /Users/ullr/Local Sites/nhmc/app/public/wp-includes/plugin.php:484
[28-Jan-2021 17:47:17 UTC] PHP  16. WP_Hook->apply_filters() /Users/ullr/Local Sites/nhmc/app/public/wp-includes/class-wp-hook.php:311
[28-Jan-2021 17:47:17 UTC] PHP  17. pull_theme_files() /Users/ullr/Local Sites/nhmc/app/public/wp-includes/class-wp-hook.php:287
[28-Jan-2021 17:47:17 UTC] PHP Warning:  A non-numeric value encountered in /Users/ullr/Local Sites/nhmc/app/public/wp-content/themes/nhmc_theme/functions.php on line 5
[28-Jan-2021 17:47:17 UTC] PHP Stack trace:
[28-Jan-2021 17:47:17 UTC] PHP   1. {main}() /Users/ullr/Local Sites/nhmc/app/public/index.php:0
[28-Jan-2021 17:47:17 UTC] PHP   2. require() /Users/ullr/Local Sites/nhmc/app/public/index.php:17
[28-Jan-2021 17:47:17 UTC] PHP   3. require_once() /Users/ullr/Local Sites/nhmc/app/public/wp-blog-header.php:19
[28-Jan-2021 17:47:17 UTC] PHP   4. include() /Users/ullr/Local Sites/nhmc/app/public/wp-includes/template-loader.php:106
[28-Jan-2021 17:47:17 UTC] PHP   5. get_header() /Users/ullr/Local Sites/nhmc/app/public/wp-content/themes/nhmc_theme/page-template-bod.php:3
[28-Jan-2021 17:47:17 UTC] PHP   6. locate_template() /Users/ullr/Local Sites/nhmc/app/public/wp-includes/general-template.php:48
[28-Jan-2021 17:47:17 UTC] PHP   7. load_template() /Users/ullr/Local Sites/nhmc/app/public/wp-includes/template.php:676
[28-Jan-2021 17:47:17 UTC] PHP   8. require_once() /Users/ullr/Local Sites/nhmc/app/public/wp-includes/template.php:730
[28-Jan-2021 17:47:17 UTC] PHP   9. wp_head() /Users/ullr/Local Sites/nhmc/app/public/wp-content/themes/nhmc_theme/header.php:4
[28-Jan-2021 17:47:17 UTC] PHP  10. do_action() /Users/ullr/Local Sites/nhmc/app/public/wp-includes/general-template.php:3005
[28-Jan-2021 17:47:17 UTC] PHP  11. WP_Hook->do_action() /Users/ullr/Local Sites/nhmc/app/public/wp-includes/plugin.php:484
[28-Jan-2021 17:47:17 UTC] PHP  12. WP_Hook->apply_filters() /Users/ullr/Local Sites/nhmc/app/public/wp-includes/class-wp-hook.php:311
[28-Jan-2021 17:47:17 UTC] PHP  13. wp_enqueue_scripts() /Users/ullr/Local Sites/nhmc/app/public/wp-includes/class-wp-hook.php:287
[28-Jan-2021 17:47:17 UTC] PHP  14. do_action() /Users/ullr/Local Sites/nhmc/app/public/wp-includes/script-loader.php:2004
[28-Jan-2021 17:47:17 UTC] PHP  15. WP_Hook->do_action() /Users/ullr/Local Sites/nhmc/app/public/wp-includes/plugin.php:484
[28-Jan-2021 17:47:17 UTC] PHP  16. WP_Hook->apply_filters() /Users/ullr/Local Sites/nhmc/app/public/wp-includes/class-wp-hook.php:311
[28-Jan-2021 17:47:17 UTC] PHP  17. pull_theme_files() /Users/ullr/Local Sites/nhmc/app/public/wp-includes/class-wp-hook.php:287
[28-Jan-2021 17:47:17 UTC] PHP Warning:  A non-numeric value encountered in /Users/ullr/Local Sites/nhmc/app/public/wp-content/themes/nhmc_theme/functions.php on line 5
[28-Jan-2021 17:47:17 UTC] PHP Stack trace:
[28-Jan-2021 17:47:17 UTC] PHP   1. {main}() /Users/ullr/Local Sites/nhmc/app/public/index.php:0
[28-Jan-2021 17:47:17 UTC] PHP   2. require() /Users/ullr/Local Sites/nhmc/app/public/index.php:17
[28-Jan-2021 17:47:17 UTC] PHP   3. require_once() /Users/ullr/Local Sites/nhmc/app/public/wp-blog-header.php:19
[28-Jan-2021 17:47:17 UTC] PHP   4. include() /Users/ullr/Local Sites/nhmc/app/public/wp-includes/template-loader.php:106
[28-Jan-2021 17:47:17 UTC] PHP   5. get_header() /Users/ullr/Local Sites/nhmc/app/public/wp-content/themes/nhmc_theme/page-template-bod.php:3
[28-Jan-2021 17:47:17 UTC] PHP   6. locate_template() /Users/ullr/Local Sites/nhmc/app/public/wp-includes/general-template.php:48
[28-Jan-2021 17:47:17 UTC] PHP   7. load_template() /Users/ullr/Local Sites/nhmc/app/public/wp-includes/template.php:676
[28-Jan-2021 17:47:17 UTC] PHP   8. require_once() /Users/ullr/Local Sites/nhmc/app/public/wp-includes/template.php:730
[28-Jan-2021 17:47:17 UTC] PHP   9. wp_head() /Users/ullr/Local Sites/nhmc/app/public/wp-content/themes/nhmc_theme/header.php:4
[28-Jan-2021 17:47:17 UTC] PHP  10. do_action() /Users/ullr/Local Sites/nhmc/app/public/wp-includes/general-template.php:3005
[28-Jan-2021 17:47:17 UTC] PHP  11. WP_Hook->do_action() /Users/ullr/Local Sites/nhmc/app/public/wp-includes/plugin.php:484
[28-Jan-2021 17:47:17 UTC] PHP  12. WP_Hook->apply_filters() /Users/ullr/Local Sites/nhmc/app/public/wp-includes/class-wp-hook.php:311
[28-Jan-2021 17:47:17 UTC] PHP  13. wp_enqueue_scripts() /Users/ullr/Local Sites/nhmc/app/public/wp-includes/class-wp-hook.php:287
[28-Jan-2021 17:47:17 UTC] PHP  14. do_action() /Users/ullr/Local Sites/nhmc/app/public/wp-includes/script-loader.php:2004
[28-Jan-2021 17:47:17 UTC] PHP  15. WP_Hook->do_action() /Users/ullr/Local Sites/nhmc/app/public/wp-includes/plugin.php:484
[28-Jan-2021 17:47:17 UTC] PHP  16. WP_Hook->apply_filters() /Users/ullr/Local Sites/nhmc/app/public/wp-includes/class-wp-hook.php:311
[28-Jan-2021 17:47:17 UTC] PHP  17. pull_theme_files() /Users/ullr/Local Sites/nhmc/app/public/wp-includes/class-wp-hook.php:287
[28-Jan-2021 17:47:17 UTC] PHP Warning:  Use of undefined constant ’ - assumed '’' (this will throw an Error in a future version of PHP) in /Users/ullr/Local Sites/nhmc/app/public/wp-content/themes/nhmc_theme/functions.php on line 5
[28-Jan-2021 17:47:17 UTC] PHP Stack trace:
[28-Jan-2021 17:47:17 UTC] PHP   1. {main}() /Users/ullr/Local Sites/nhmc/app/public/index.php:0
[28-Jan-2021 17:47:17 UTC] PHP   2. require() /Users/ullr/Local Sites/nhmc/app/public/index.php:17
[28-Jan-2021 17:47:17 UTC] PHP   3. require_once() /Users/ullr/Local Sites/nhmc/app/public/wp-blog-header.php:19
[28-Jan-2021 17:47:17 UTC] PHP   4. include() /Users/ullr/Local Sites/nhmc/app/public/wp-includes/template-loader.php:106
[28-Jan-2021 17:47:17 UTC] PHP   5. get_header() /Users/ullr/Local Sites/nhmc/app/public/wp-content/themes/nhmc_theme/page-template-bod.php:3
[28-Jan-2021 17:47:17 UTC] PHP   6. locate_template() /Users/ullr/Local Sites/nhmc/app/public/wp-includes/general-template.php:48
[28-Jan-2021 17:47:17 UTC] PHP   7. load_template() /Users/ullr/Local Sites/nhmc/app/public/wp-includes/template.php:676
[28-Jan-2021 17:47:17 UTC] PHP   8. require_once() /Users/ullr/Local Sites/nhmc/app/public/wp-includes/template.php:730
[28-Jan-2021 17:47:17 UTC] PHP   9. wp_head() /Users/ullr/Local Sites/nhmc/app/public/wp-content/themes/nhmc_theme/header.php:4
[28-Jan-2021 17:47:17 UTC] PHP  10. do_action() /Users/ullr/Local Sites/nhmc/app/public/wp-includes/general-template.php:3005
[28-Jan-2021 17:47:17 UTC] PHP  11. WP_Hook->do_action() /Users/ullr/Local Sites/nhmc/app/public/wp-includes/plugin.php:484
[28-Jan-2021 17:47:17 UTC] PHP  12. WP_Hook->apply_filters() /Users/ullr/Local Sites/nhmc/app/public/wp-includes/class-wp-hook.php:311
[28-Jan-2021 17:47:17 UTC] PHP  13. wp_enqueue_scripts() /Users/ullr/Local Sites/nhmc/app/public/wp-includes/class-wp-hook.php:287
[28-Jan-2021 17:47:17 UTC] PHP  14. do_action() /Users/ullr/Local Sites/nhmc/app/public/wp-includes/script-loader.php:2004
[28-Jan-2021 17:47:17 UTC] PHP  15. WP_Hook->do_action() /Users/ullr/Local Sites/nhmc/app/public/wp-includes/plugin.php:484
[28-Jan-2021 17:47:17 UTC] PHP  16. WP_Hook->apply_filters() /Users/ullr/Local Sites/nhmc/app/public/wp-includes/class-wp-hook.php:311
[28-Jan-2021 17:47:17 UTC] PHP  17. pull_theme_files() /Users/ullr/Local Sites/nhmc/app/public/wp-includes/class-wp-hook.php:287
[28-Jan-2021 17:47:17 UTC] PHP Warning:  Use of undefined constant bod - assumed 'bod' (this will throw an Error in a future version of PHP) in /Users/ullr/Local Sites/nhmc/app/public/wp-content/themes/nhmc_theme/functions.php on line 5
[28-Jan-2021 17:47:17 UTC] PHP Stack trace:
[28-Jan-2021 17:47:17 UTC] PHP   1. {main}() /Users/ullr/Local Sites/nhmc/app/public/index.php:0
[28-Jan-2021 17:47:17 UTC] PHP   2. require() /Users/ullr/Local Sites/nhmc/app/public/index.php:17
[28-Jan-2021 17:47:17 UTC] PHP   3. require_once() /Users/ullr/Local Sites/nhmc/app/public/wp-blog-header.php:19
[28-Jan-2021 17:47:17 UTC] PHP   4. include() /Users/ullr/Local Sites/nhmc/app/public/wp-includes/template-loader.php:106
[28-Jan-2021 17:47:17 UTC] PHP   5. get_header() /Users/ullr/Local Sites/nhmc/app/public/wp-content/themes/nhmc_theme/page-template-bod.php:3
[28-Jan-2021 17:47:17 UTC] PHP   6. locate_template() /Users/ullr/Local Sites/nhmc/app/public/wp-includes/general-template.php:48
[28-Jan-2021 17:47:17 UTC] PHP   7. load_template() /Users/ullr/Local Sites/nhmc/app/public/wp-includes/template.php:676
[28-Jan-2021 17:47:17 UTC] PHP   8. require_once() /Users/ullr/Local Sites/nhmc/app/public/wp-includes/template.php:730
[28-Jan-2021 17:47:17 UTC] PHP   9. wp_head() /Users/ullr/Local Sites/nhmc/app/public/wp-content/themes/nhmc_theme/header.php:4
[28-Jan-2021 17:47:17 UTC] PHP  10. do_action() /Users/ullr/Local Sites/nhmc/app/public/wp-includes/general-template.php:3005
[28-Jan-2021 17:47:17 UTC] PHP  11. WP_Hook->do_action() /Users/ullr/Local Sites/nhmc/app/public/wp-includes/plugin.php:484
[28-Jan-2021 17:47:17 UTC] PHP  12. WP_Hook->apply_filters() /Users/ullr/Local Sites/nhmc/app/public/wp-includes/class-wp-hook.php:311
[28-Jan-2021 17:47:17 UTC] PHP  13. wp_enqueue_scripts() /Users/ullr/Local Sites/nhmc/app/public/wp-includes/class-wp-hook.php:287
[28-Jan-2021 17:47:17 UTC] PHP  14. do_action() /Users/ullr/Local Sites/nhmc/app/public/wp-includes/script-loader.php:2004
[28-Jan-2021 17:47:17 UTC] PHP  15. WP_Hook->do_action() /Users/ullr/Local Sites/nhmc/app/public/wp-includes/plugin.php:484
[28-Jan-2021 17:47:17 UTC] PHP  16. WP_Hook->apply_filters() /Users/ullr/Local Sites/nhmc/app/public/wp-includes/class-wp-hook.php:311
[28-Jan-2021 17:47:17 UTC] PHP  17. pull_theme_files() /Users/ullr/Local Sites/nhmc/app/public/wp-includes/class-wp-hook.php:287
[28-Jan-2021 17:47:17 UTC] PHP Warning:  A non-numeric value encountered in /Users/ullr/Local Sites/nhmc/app/public/wp-content/themes/nhmc_theme/functions.php on line 5
[28-Jan-2021 17:47:17 UTC] PHP Stack trace:
[28-Jan-2021 17:47:17 UTC] PHP   1. {main}() /Users/ullr/Local Sites/nhmc/app/public/index.php:0
[28-Jan-2021 17:47:17 UTC] PHP   2. require() /Users/ullr/Local Sites/nhmc/app/public/index.php:17
[28-Jan-2021 17:47:17 UTC] PHP   3. require_once() /Users/ullr/Local Sites/nhmc/app/public/wp-blog-header.php:19
[28-Jan-2021 17:47:17 UTC] PHP   4. include() /Users/ullr/Local Sites/nhmc/app/public/wp-includes/template-loader.php:106
[28-Jan-2021 17:47:17 UTC] PHP   5. get_header() /Users/ullr/Local Sites/nhmc/app/public/wp-content/themes/nhmc_theme/page-template-bod.php:3
[28-Jan-2021 17:47:17 UTC] PHP   6. locate_template() /Users/ullr/Local Sites/nhmc/app/public/wp-includes/general-template.php:48
[28-Jan-2021 17:47:17 UTC] PHP   7. load_template() /Users/ullr/Local Sites/nhmc/app/public/wp-includes/template.php:676
[28-Jan-2021 17:47:17 UTC] PHP   8. require_once() /Users/ullr/Local Sites/nhmc/app/public/wp-includes/template.php:730
[28-Jan-2021 17:47:17 UTC] PHP   9. wp_head() /Users/ullr/Local Sites/nhmc/app/public/wp-content/themes/nhmc_theme/header.php:4
[28-Jan-2021 17:47:17 UTC] PHP  10. do_action() /Users/ullr/Local Sites/nhmc/app/public/wp-includes/general-template.php:3005
[28-Jan-2021 17:47:17 UTC] PHP  11. WP_Hook->do_action() /Users/ullr/Local Sites/nhmc/app/public/wp-includes/plugin.php:484
[28-Jan-2021 17:47:17 UTC] PHP  12. WP_Hook->apply_filters() /Users/ullr/Local Sites/nhmc/app/public/wp-includes/class-wp-hook.php:311
[28-Jan-2021 17:47:17 UTC] PHP  13. wp_enqueue_scripts() /Users/ullr/Local Sites/nhmc/app/public/wp-includes/class-wp-hook.php:287
[28-Jan-2021 17:47:17 UTC] PHP  14. do_action() /Users/ullr/Local Sites/nhmc/app/public/wp-includes/script-loader.php:2004
[28-Jan-2021 17:47:17 UTC] PHP  15. WP_Hook->do_action() /Users/ullr/Local Sites/nhmc/app/public/wp-includes/plugin.php:484
[28-Jan-2021 17:47:17 UTC] PHP  16. WP_Hook->apply_filters() /Users/ullr/Local Sites/nhmc/app/public/wp-includes/class-wp-hook.php:311
[28-Jan-2021 17:47:17 UTC] PHP  17. pull_theme_files() /Users/ullr/Local Sites/nhmc/app/public/wp-includes/class-wp-hook.php:287
[28-Jan-2021 17:47:17 UTC] PHP Warning:  A non-numeric value encountered in /Users/ullr/Local Sites/nhmc/app/public/wp-content/themes/nhmc_theme/functions.php on line 5
[28-Jan-2021 17:47:17 UTC] PHP Stack trace:
[28-Jan-2021 17:47:17 UTC] PHP   1. {main}() /Users/ullr/Local Sites/nhmc/app/public/index.php:0
[28-Jan-2021 17:47:17 UTC] PHP   2. require() /Users/ullr/Local Sites/nhmc/app/public/index.php:17
[28-Jan-2021 17:47:17 UTC] PHP   3. require_once() /Users/ullr/Local Sites/nhmc/app/public/wp-blog-header.php:19
[28-Jan-2021 17:47:17 UTC] PHP   4. include() /Users/ullr/Local Sites/nhmc/app/public/wp-includes/template-loader.php:106
[28-Jan-2021 17:47:17 UTC] PHP   5. get_header() /Users/ullr/Local Sites/nhmc/app/public/wp-content/themes/nhmc_theme/page-template-bod.php:3
[28-Jan-2021 17:47:17 UTC] PHP   6. locate_template() /Users/ullr/Local Sites/nhmc/app/public/wp-includes/general-template.php:48
[28-Jan-2021 17:47:17 UTC] PHP   7. load_template() /Users/ullr/Local Sites/nhmc/app/public/wp-includes/template.php:676
[28-Jan-2021 17:47:17 UTC] PHP   8. require_once() /Users/ullr/Local Sites/nhmc/app/public/wp-includes/template.php:730
[28-Jan-2021 17:47:17 UTC] PHP   9. wp_head() /Users/ullr/Local Sites/nhmc/app/public/wp-content/themes/nhmc_theme/header.php:4
[28-Jan-2021 17:47:17 UTC] PHP  10. do_action() /Users/ullr/Local Sites/nhmc/app/public/wp-includes/general-template.php:3005
[28-Jan-2021 17:47:17 UTC] PHP  11. WP_Hook->do_action() /Users/ullr/Local Sites/nhmc/app/public/wp-includes/plugin.php:484
[28-Jan-2021 17:47:17 UTC] PHP  12. WP_Hook->apply_filters() /Users/ullr/Local Sites/nhmc/app/public/wp-includes/class-wp-hook.php:311
[28-Jan-2021 17:47:17 UTC] PHP  13. wp_enqueue_scripts() /Users/ullr/Local Sites/nhmc/app/public/wp-includes/class-wp-hook.php:287
[28-Jan-2021 17:47:17 UTC] PHP  14. do_action() /Users/ullr/Local Sites/nhmc/app/public/wp-includes/script-loader.php:2004
[28-Jan-2021 17:47:17 UTC] PHP  15. WP_Hook->do_action() /Users/ullr/Local Sites/nhmc/app/public/wp-includes/plugin.php:484
[28-Jan-2021 17:47:17 UTC] PHP  16. WP_Hook->apply_filters() /Users/ullr/Local Sites/nhmc/app/public/wp-includes/class-wp-hook.php:311
[28-Jan-2021 17:47:17 UTC] PHP  17. pull_theme_files() /Users/ullr/Local Sites/nhmc/app/public/wp-includes/class-wp-hook.php:287
[28-Jan-2021 17:47:17 UTC] PHP Warning:  Division by zero in /Users/ullr/Local Sites/nhmc/app/public/wp-content/themes/nhmc_theme/functions.php on line 5
[28-Jan-2021 17:47:17 UTC] PHP Stack trace:
[28-Jan-2021 17:47:17 UTC] PHP   1. {main}() /Users/ullr/Local Sites/nhmc/app/public/index.php:0
[28-Jan-2021 17:47:17 UTC] PHP   2. require() /Users/ullr/Local Sites/nhmc/app/public/index.php:17
[28-Jan-2021 17:47:17 UTC] PHP   3. require_once() /Users/ullr/Local Sites/nhmc/app/public/wp-blog-header.php:19
[28-Jan-2021 17:47:17 UTC] PHP   4. include() /Users/ullr/Local Sites/nhmc/app/public/wp-includes/template-loader.php:106
[28-Jan-2021 17:47:17 UTC] PHP   5. get_header() /Users/ullr/Local Sites/nhmc/app/public/wp-content/themes/nhmc_theme/page-template-bod.php:3
[28-Jan-2021 17:47:17 UTC] PHP   6. locate_template() /Users/ullr/Local Sites/nhmc/app/public/wp-includes/general-template.php:48
[28-Jan-2021 17:47:17 UTC] PHP   7. load_template() /Users/ullr/Local Sites/nhmc/app/public/wp-includes/template.php:676
[28-Jan-2021 17:47:17 UTC] PHP   8. require_once() /Users/ullr/Local Sites/nhmc/app/public/wp-includes/template.php:730
[28-Jan-2021 17:47:17 UTC] PHP   9. wp_head() /Users/ullr/Local Sites/nhmc/app/public/wp-content/themes/nhmc_theme/header.php:4
[28-Jan-2021 17:47:17 UTC] PHP  10. do_action() /Users/ullr/Local Sites/nhmc/app/public/wp-includes/general-template.php:3005
[28-Jan-2021 17:47:17 UTC] PHP  11. WP_Hook->do_action() /Users/ullr/Local Sites/nhmc/app/public/wp-includes/plugin.php:484
[28-Jan-2021 17:47:17 UTC] PHP  12. WP_Hook->apply_filters() /Users/ullr/Local Sites/nhmc/app/public/wp-includes/class-wp-hook.php:311
[28-Jan-2021 17:47:17 UTC] PHP  13. wp_enqueue_scripts() /Users/ullr/Local Sites/nhmc/app/public/wp-includes/class-wp-hook.php:287
[28-Jan-2021 17:47:17 UTC] PHP  14. do_action() /Users/ullr/Local Sites/nhmc/app/public/wp-includes/script-loader.php:2004
[28-Jan-2021 17:47:17 UTC] PHP  15. WP_Hook->do_action() /Users/ullr/Local Sites/nhmc/app/public/wp-includes/plugin.php:484
[28-Jan-2021 17:47:17 UTC] PHP  16. WP_Hook->apply_filters() /Users/ullr/Local Sites/nhmc/app/public/wp-includes/class-wp-hook.php:311
[28-Jan-2021 17:47:17 UTC] PHP  17. pull_theme_files() /Users/ullr/Local Sites/nhmc/app/public/wp-includes/class-wp-hook.php:287
[28-Jan-2021 17:47:17 UTC] PHP Warning:  Use of undefined constant styles - assumed 'styles' (this will throw an Error in a future version of PHP) in /Users/ullr/Local Sites/nhmc/app/public/wp-content/themes/nhmc_theme/functions.php on line 5
[28-Jan-2021 17:47:17 UTC] PHP Stack trace:
[28-Jan-2021 17:47:17 UTC] PHP   1. {main}() /Users/ullr/Local Sites/nhmc/app/public/index.php:0
[28-Jan-2021 17:47:17 UTC] PHP   2. require() /Users/ullr/Local Sites/nhmc/app/public/index.php:17
[28-Jan-2021 17:47:17 UTC] PHP   3. require_once() /Users/ullr/Local Sites/nhmc/app/public/wp-blog-header.php:19
[28-Jan-2021 17:47:17 UTC] PHP   4. include() /Users/ullr/Local Sites/nhmc/app/public/wp-includes/template-loader.php:106
[28-Jan-2021 17:47:17 UTC] PHP   5. get_header() /Users/ullr/Local Sites/nhmc/app/public/wp-content/themes/nhmc_theme/page-template-bod.php:3
[28-Jan-2021 17:47:17 UTC] PHP   6. locate_template() /Users/ullr/Local Sites/nhmc/app/public/wp-includes/general-template.php:48
[28-Jan-2021 17:47:17 UTC] PHP   7. load_template() /Users/ullr/Local Sites/nhmc/app/public/wp-includes/template.php:676
[28-Jan-2021 17:47:17 UTC] PHP   8. require_once() /Users/ullr/Local Sites/nhmc/app/public/wp-includes/template.php:730
[28-Jan-2021 17:47:17 UTC] PHP   9. wp_head() /Users/ullr/Local Sites/nhmc/app/public/wp-content/themes/nhmc_theme/header.php:4
[28-Jan-2021 17:47:17 UTC] PHP  10. do_action() /Users/ullr/Local Sites/nhmc/app/public/wp-includes/general-template.php:3005
[28-Jan-2021 17:47:17 UTC] PHP  11. WP_Hook->do_action() /Users/ullr/Local Sites/nhmc/app/public/wp-includes/plugin.php:484
[28-Jan-2021 17:47:17 UTC] PHP  12. WP_Hook->apply_filters() /Users/ullr/Local Sites/nhmc/app/public/wp-includes/class-wp-hook.php:311
[28-Jan-2021 17:47:17 UTC] PHP  13. wp_enqueue_scripts() /Users/ullr/Local Sites/nhmc/app/public/wp-includes/class-wp-hook.php:287
[28-Jan-2021 17:47:17 UTC] PHP  14. do_action() /Users/ullr/Local Sites/nhmc/app/public/wp-includes/script-loader.php:2004
[28-Jan-2021 17:47:17 UTC] PHP  15. WP_Hook->do_action() /Users/ullr/Local Sites/nhmc/app/public/wp-includes/plugin.php:484
[28-Jan-2021 17:47:17 UTC] PHP  16. WP_Hook->apply_filters() /Users/ullr/Local Sites/nhmc/app/public/wp-includes/class-wp-hook.php:311
[28-Jan-2021 17:47:17 UTC] PHP  17. pull_theme_files() /Users/ullr/Local Sites/nhmc/app/public/wp-includes/class-wp-hook.php:287
[28-Jan-2021 17:47:17 UTC] PHP Warning:  A non-numeric value encountered in /Users/ullr/Local Sites/nhmc/app/public/wp-content/themes/nhmc_theme/functions.php on line 5
[28-Jan-2021 17:47:17 UTC] PHP Stack trace:
[28-Jan-2021 17:47:17 UTC] PHP   1. {main}() /Users/ullr/Local Sites/nhmc/app/public/index.php:0
[28-Jan-2021 17:47:17 UTC] PHP   2. require() /Users/ullr/Local Sites/nhmc/app/public/index.php:17
[28-Jan-2021 17:47:17 UTC] PHP   3. require_once() /Users/ullr/Local Sites/nhmc/app/public/wp-blog-header.php:19
[28-Jan-2021 17:47:17 UTC] PHP   4. include() /Users/ullr/Local Sites/nhmc/app/public/wp-includes/template-loader.php:106
[28-Jan-2021 17:47:17 UTC] PHP   5. get_header() /Users/ullr/Local Sites/nhmc/app/public/wp-content/themes/nhmc_theme/page-template-bod.php:3
[28-Jan-2021 17:47:17 UTC] PHP   6. locate_template() /Users/ullr/Local Sites/nhmc/app/public/wp-includes/general-template.php:48
[28-Jan-2021 17:47:17 UTC] PHP   7. load_template() /Users/ullr/Local Sites/nhmc/app/public/wp-includes/template.php:676
[28-Jan-2021 17:47:17 UTC] PHP   8. require_once() /Users/ullr/Local Sites/nhmc/app/public/wp-includes/template.php:730
[28-Jan-2021 17:47:17 UTC] PHP   9. wp_head() /Users/ullr/Local Sites/nhmc/app/public/wp-content/themes/nhmc_theme/header.php:4
[28-Jan-2021 17:47:17 UTC] PHP  10. do_action() /Users/ullr/Local Sites/nhmc/app/public/wp-includes/general-template.php:3005
[28-Jan-2021 17:47:17 UTC] PHP  11. WP_Hook->do_action() /Users/ullr/Local Sites/nhmc/app/public/wp-includes/plugin.php:484
[28-Jan-2021 17:47:17 UTC] PHP  12. WP_Hook->apply_filters() /Users/ullr/Local Sites/nhmc/app/public/wp-includes/class-wp-hook.php:311
[28-Jan-2021 17:47:17 UTC] PHP  13. wp_enqueue_scripts() /Users/ullr/Local Sites/nhmc/app/public/wp-includes/class-wp-hook.php:287
[28-Jan-2021 17:47:17 UTC] PHP  14. do_action() /Users/ullr/Local Sites/nhmc/app/public/wp-includes/script-loader.php:2004
[28-Jan-2021 17:47:17 UTC] PHP  15. WP_Hook->do_action() /Users/ullr/Local Sites/nhmc/app/public/wp-includes/plugin.php:484
[28-Jan-2021 17:47:17 UTC] PHP  16. WP_Hook->apply_filters() /Users/ullr/Local Sites/nhmc/app/public/wp-includes/class-wp-hook.php:311
[28-Jan-2021 17:47:17 UTC] PHP  17. pull_theme_files() /Users/ullr/Local Sites/nhmc/app/public/wp-includes/class-wp-hook.php:287
[28-Jan-2021 17:47:17 UTC] PHP Warning:  A non-numeric value encountered in /Users/ullr/Local Sites/nhmc/app/public/wp-content/themes/nhmc_theme/functions.php on line 5
[28-Jan-2021 17:47:17 UTC] PHP Stack trace:
[28-Jan-2021 17:47:17 UTC] PHP   1. {main}() /Users/ullr/Local Sites/nhmc/app/public/index.php:0
[28-Jan-2021 17:47:17 UTC] PHP   2. require() /Users/ullr/Local Sites/nhmc/app/public/index.php:17
[28-Jan-2021 17:47:17 UTC] PHP   3. require_once() /Users/ullr/Local Sites/nhmc/app/public/wp-blog-header.php:19
[28-Jan-2021 17:47:17 UTC] PHP   4. include() /Users/ullr/Local Sites/nhmc/app/public/wp-includes/template-loader.php:106
[28-Jan-2021 17:47:17 UTC] PHP   5. get_header() /Users/ullr/Local Sites/nhmc/app/public/wp-content/themes/nhmc_theme/page-template-bod.php:3
[28-Jan-2021 17:47:17 UTC] PHP   6. locate_template() /Users/ullr/Local Sites/nhmc/app/public/wp-includes/general-template.php:48
[28-Jan-2021 17:47:17 UTC] PHP   7. load_template() /Users/ullr/Local Sites/nhmc/app/public/wp-includes/template.php:676
[28-Jan-2021 17:47:17 UTC] PHP   8. require_once() /Users/ullr/Local Sites/nhmc/app/public/wp-includes/template.php:730
[28-Jan-2021 17:47:17 UTC] PHP   9. wp_head() /Users/ullr/Local Sites/nhmc/app/public/wp-content/themes/nhmc_theme/header.php:4
[28-Jan-2021 17:47:17 UTC] PHP  10. do_action() /Users/ullr/Local Sites/nhmc/app/public/wp-includes/general-template.php:3005
[28-Jan-2021 17:47:17 UTC] PHP  11. WP_Hook->do_action() /Users/ullr/Local Sites/nhmc/app/public/wp-includes/plugin.php:484
[28-Jan-2021 17:47:17 UTC] PHP  12. WP_Hook->apply_filters() /Users/ullr/Local Sites/nhmc/app/public/wp-includes/class-wp-hook.php:311
[28-Jan-2021 17:47:17 UTC] PHP  13. wp_enqueue_scripts() /Users/ullr/Local Sites/nhmc/app/public/wp-includes/class-wp-hook.php:287
[28-Jan-2021 17:47:17 UTC] PHP  14. do_action() /Users/ullr/Local Sites/nhmc/app/public/wp-includes/script-loader.php:2004
[28-Jan-2021 17:47:17 UTC] PHP  15. WP_Hook->do_action() /Users/ullr/Local Sites/nhmc/app/public/wp-includes/plugin.php:484
[28-Jan-2021 17:47:17 UTC] PHP  16. WP_Hook->apply_filters() /Users/ullr/Local Sites/nhmc/app/public/wp-includes/class-wp-hook.php:311
[28-Jan-2021 17:47:17 UTC] PHP  17. pull_theme_files() /Users/ullr/Local Sites/nhmc/app/public/wp-includes/class-wp-hook.php:287
[28-Jan-2021 17:47:17 UTC] PHP Warning:  Use of undefined constant css’ - assumed 'css’' (this will throw an Error in a future version of PHP) in /Users/ullr/Local Sites/nhmc/app/public/wp-content/themes/nhmc_theme/functions.php on line 5
[28-Jan-2021 17:47:17 UTC] PHP Stack trace:
[28-Jan-2021 17:47:17 UTC] PHP   1. {main}() /Users/ullr/Local Sites/nhmc/app/public/index.php:0
[28-Jan-2021 17:47:17 UTC] PHP   2. require() /Users/ullr/Local Sites/nhmc/app/public/index.php:17
[28-Jan-2021 17:47:17 UTC] PHP   3. require_once() /Users/ullr/Local Sites/nhmc/app/public/wp-blog-header.php:19
[28-Jan-2021 17:47:17 UTC] PHP   4. include() /Users/ullr/Local Sites/nhmc/app/public/wp-includes/template-loader.php:106
[28-Jan-2021 17:47:17 UTC] PHP   5. get_header() /Users/ullr/Local Sites/nhmc/app/public/wp-content/themes/nhmc_theme/page-template-bod.php:3
[28-Jan-2021 17:47:17 UTC] PHP   6. locate_template() /Users/ullr/Local Sites/nhmc/app/public/wp-includes/general-template.php:48
[28-Jan-2021 17:47:17 UTC] PHP   7. load_template() /Users/ullr/Local Sites/nhmc/app/public/wp-includes/template.php:676
[28-Jan-2021 17:47:17 UTC] PHP   8. require_once() /Users/ullr/Local Sites/nhmc/app/public/wp-includes/template.php:730
[28-Jan-2021 17:47:17 UTC] PHP   9. wp_head() /Users/ullr/Local Sites/nhmc/app/public/wp-content/themes/nhmc_theme/header.php:4
[28-Jan-2021 17:47:17 UTC] PHP  10. do_action() /Users/ullr/Local Sites/nhmc/app/public/wp-includes/general-template.php:3005
[28-Jan-2021 17:47:17 UTC] PHP  11. WP_Hook->do_action() /Users/ullr/Local Sites/nhmc/app/public/wp-includes/plugin.php:484
[28-Jan-2021 17:47:17 UTC] PHP  12. WP_Hook->apply_filters() /Users/ullr/Local Sites/nhmc/app/public/wp-includes/class-wp-hook.php:311
[28-Jan-2021 17:47:17 UTC] PHP  13. wp_enqueue_scripts() /Users/ullr/Local Sites/nhmc/app/public/wp-includes/class-wp-hook.php:287
[28-Jan-2021 17:47:17 UTC] PHP  14. do_action() /Users/ullr/Local Sites/nhmc/app/public/wp-includes/script-loader.php:2004
[28-Jan-2021 17:47:17 UTC] PHP  15. WP_Hook->do_action() /Users/ullr/Local Sites/nhmc/app/public/wp-includes/plugin.php:484
[28-Jan-2021 17:47:17 UTC] PHP  16. WP_Hook->apply_filters() /Users/ullr/Local Sites/nhmc/app/public/wp-includes/class-wp-hook.php:311
[28-Jan-2021 17:47:17 UTC] PHP  17. pull_theme_files() /Users/ullr/Local Sites/nhmc/app/public/wp-includes/class-wp-hook.php:287
[28-Jan-2021 17:47:17 UTC] PHP Warning:  Use of undefined constant ‘all’ - assumed '‘all’' (this will throw an Error in a future version of PHP) in /Users/ullr/Local Sites/nhmc/app/public/wp-content/themes/nhmc_theme/functions.php on line 5
[28-Jan-2021 17:47:17 UTC] PHP Stack trace:
[28-Jan-2021 17:47:17 UTC] PHP   1. {main}() /Users/ullr/Local Sites/nhmc/app/public/index.php:0
[28-Jan-2021 17:47:17 UTC] PHP   2. require() /Users/ullr/Local Sites/nhmc/app/public/index.php:17
[28-Jan-2021 17:47:17 UTC] PHP   3. require_once() /Users/ullr/Local Sites/nhmc/app/public/wp-blog-header.php:19
[28-Jan-2021 17:47:17 UTC] PHP   4. include() /Users/ullr/Local Sites/nhmc/app/public/wp-includes/template-loader.php:106
[28-Jan-2021 17:47:17 UTC] PHP   5. get_header() /Users/ullr/Local Sites/nhmc/app/public/wp-content/themes/nhmc_theme/page-template-bod.php:3
[28-Jan-2021 17:47:17 UTC] PHP   6. locate_template() /Users/ullr/Local Sites/nhmc/app/public/wp-includes/general-template.php:48
[28-Jan-2021 17:47:17 UTC] PHP   7. load_template() /Users/ullr/Local Sites/nhmc/app/public/wp-includes/template.php:676
[28-Jan-2021 17:47:17 UTC] PHP   8. require_once() /Users/ullr/Local Sites/nhmc/app/public/wp-includes/template.php:730
[28-Jan-2021 17:47:17 UTC] PHP   9. wp_head() /Users/ullr/Local Sites/nhmc/app/public/wp-content/themes/nhmc_theme/header.php:4
[28-Jan-2021 17:47:17 UTC] PHP  10. do_action() /Users/ullr/Local Sites/nhmc/app/public/wp-includes/general-template.php:3005
[28-Jan-2021 17:47:17 UTC] PHP  11. WP_Hook->do_action() /Users/ullr/Local Sites/nhmc/app/public/wp-includes/plugin.php:484
[28-Jan-2021 17:47:17 UTC] PHP  12. WP_Hook->apply_filters() /Users/ullr/Local Sites/nhmc/app/public/wp-includes/class-wp-hook.php:311
[28-Jan-2021 17:47:17 UTC] PHP  13. wp_enqueue_scripts() /Users/ullr/Local Sites/nhmc/app/public/wp-includes/class-wp-hook.php:287
[28-Jan-2021 17:47:17 UTC] PHP  14. do_action() /Users/ullr/Local Sites/nhmc/app/public/wp-includes/script-loader.php:2004
[28-Jan-2021 17:47:17 UTC] PHP  15. WP_Hook->do_action() /Users/ullr/Local Sites/nhmc/app/public/wp-includes/plugin.php:484
[28-Jan-2021 17:47:17 UTC] PHP  16. WP_Hook->apply_filters() /Users/ullr/Local Sites/nhmc/app/public/wp-includes/class-wp-hook.php:311
[28-Jan-2021 17:47:17 UTC] PHP  17. pull_theme_files() /Users/ullr/Local Sites/nhmc/app/public/wp-includes/class-wp-hook.php:287
[03-Feb-2021 23:32:08 UTC] PHP Fatal error:  Uncaught Error: Call to undefined function post_title() in /Users/ullr/Local Sites/nhmc/app/public/wp-content/themes/nhmc_theme/page=template-blog.php:11
Stack trace:
#0 /Users/ullr/Local Sites/nhmc/app/public/wp-includes/template-loader.php(106): include()
#1 /Users/ullr/Local Sites/nhmc/app/public/wp-blog-header.php(19): require_once('/Users/ullr/Loc...')
#2 /Users/ullr/Local Sites/nhmc/app/public/index.php(17): require('/Users/ullr/Loc...')
#3 {main}
  thrown in /Users/ullr/Local Sites/nhmc/app/public/wp-content/themes/nhmc_theme/page=template-blog.php on line 11
[03-Feb-2021 23:34:31 UTC] PHP Recoverable fatal error:  Object of class WP_Post could not be converted to string in /Users/ullr/Local Sites/nhmc/app/public/wp-content/themes/nhmc_theme/page=template-blog.php on line 11
[03-Feb-2021 23:34:31 UTC] PHP Stack trace:
[03-Feb-2021 23:34:31 UTC] PHP   1. {main}() /Users/ullr/Local Sites/nhmc/app/public/index.php:0
[03-Feb-2021 23:34:31 UTC] PHP   2. require() /Users/ullr/Local Sites/nhmc/app/public/index.php:17
[03-Feb-2021 23:34:31 UTC] PHP   3. require_once() /Users/ullr/Local Sites/nhmc/app/public/wp-blog-header.php:19
[03-Feb-2021 23:34:31 UTC] PHP   4. include() /Users/ullr/Local Sites/nhmc/app/public/wp-includes/template-loader.php:106
