[21-Jan-2021 19:31:58] NOTICE: fpm is running, pid 73813
[21-Jan-2021 19:31:58] NOTICE: ready to handle connections
[21-Jan-2021 20:22:08] NOTICE: Terminating ...
[21-Jan-2021 20:22:08] NOTICE: Terminating ...
[21-Jan-2021 20:22:08] NOTICE: exiting, bye-bye!
[22-Jan-2021 14:25:52] NOTICE: fpm is running, pid 80473
[22-Jan-2021 14:25:52] NOTICE: ready to handle connections
[22-Jan-2021 16:36:25] NOTICE: Terminating ...
[22-Jan-2021 16:36:25] NOTICE: Terminating ...
[22-Jan-2021 16:36:25] NOTICE: exiting, bye-bye!
[26-Jan-2021 10:10:00] NOTICE: fpm is running, pid 91351
[26-Jan-2021 10:10:00] NOTICE: ready to handle connections
[26-Jan-2021 17:09:12] NOTICE: Terminating ...
[26-Jan-2021 17:09:12] NOTICE: Terminating ...
[26-Jan-2021 17:09:12] NOTICE: exiting, bye-bye!
[27-Jan-2021 08:32:34] NOTICE: fpm is running, pid 98809
[27-Jan-2021 08:32:34] NOTICE: ready to handle connections
[27-Jan-2021 16:43:32] NOTICE: Terminating ...
[27-Jan-2021 16:43:32] NOTICE: Terminating ...
[27-Jan-2021 16:43:32] NOTICE: exiting, bye-bye!
[28-Jan-2021 10:04:10] NOTICE: fpm is running, pid 2721
[28-Jan-2021 10:04:10] NOTICE: ready to handle connections
[28-Jan-2021 15:18:10] NOTICE: Terminating ...
[28-Jan-2021 15:18:10] NOTICE: Terminating ...
[28-Jan-2021 15:18:10] NOTICE: exiting, bye-bye!
[01-Feb-2021 09:05:18] NOTICE: fpm is running, pid 10368
[01-Feb-2021 09:05:18] NOTICE: ready to handle connections
[01-Feb-2021 16:50:48] NOTICE: Terminating ...
[01-Feb-2021 16:50:48] NOTICE: Terminating ...
[01-Feb-2021 16:50:48] NOTICE: exiting, bye-bye!
[01-Feb-2021 18:12:04] NOTICE: fpm is running, pid 18004
[01-Feb-2021 18:12:04] NOTICE: ready to handle connections
[01-Feb-2021 21:13:32] NOTICE: Terminating ...
[01-Feb-2021 21:13:32] NOTICE: Terminating ...
[01-Feb-2021 21:13:32] NOTICE: exiting, bye-bye!
[02-Feb-2021 12:32:57] NOTICE: fpm is running, pid 2735
[02-Feb-2021 12:32:57] NOTICE: ready to handle connections
[02-Feb-2021 21:14:01] NOTICE: Terminating ...
[02-Feb-2021 21:14:01] NOTICE: Terminating ...
[02-Feb-2021 21:14:01] NOTICE: exiting, bye-bye!
[03-Feb-2021 10:27:51] NOTICE: fpm is running, pid 7302
[03-Feb-2021 10:27:51] NOTICE: ready to handle connections
